#
# There is insufficient memory for the Java Runtime Environment to continue.
# Native memory allocation (malloc) failed to allocate 32744 bytes for ChunkPool::allocate
# Possible reasons:
#   The system is out of physical RAM or swap space
#   The process is running with CompressedOops enabled, and the Java Heap may be blocking the growth of the native heap
# Possible solutions:
#   Reduce memory load on the system
#   Increase physical memory or swap space
#   Check if swap backing store is full
#   Decrease Java heap size (-Xmx/-Xms)
#   Decrease number of Java threads
#   Decrease Java thread stack sizes (-Xss)
#   Set larger code cache with -XX:ReservedCodeCacheSize=
#   JVM is running with Zero Based Compressed Oops mode in which the Java heap is
#     placed in the first 32GB address space. The Java Heap base address is the
#     maximum limit for the native heap growth. Please use -XX:HeapBaseMinAddress
#     to set the Java Heap base and to place the Java Heap above 32GB virtual address.
# This output file may be truncated or incomplete.
#
#  Out of Memory Error (allocation.cpp:272), pid=18872, tid=0x0000000000004a44
#
# JRE version: Java(TM) SE Runtime Environment (8.0_251-b08) (build 1.8.0_251-b08)
# Java VM: Java HotSpot(TM) 64-Bit Server VM (25.251-b08 mixed mode windows-amd64 compressed oops)
# Failed to write core dump. Minidumps are not enabled by default on client versions of Windows
#

---------------  T H R E A D  ---------------

Current thread (0x00000000205c7000):  JavaThread "AWT-Windows" daemon [_thread_in_vm, id=19012, stack(0x0000000020f00000,0x0000000021000000)]

Stack: [0x0000000020f00000,0x0000000021000000]
[error occurred during error reporting (printing stack bounds), id 0xc0000005]

Native frames: (J=compiled Java code, j=interpreted, Vv=VM code, C=native code)

Java frames: (J=compiled Java code, j=interpreted, Vv=VM code)
j  sun.misc.Unsafe.defineAnonymousClass(Ljava/lang/Class;[B[Ljava/lang/Object;)Ljava/lang/Class;+0
j  java.lang.invoke.InnerClassLambdaMetafactory.spinInnerClass()Ljava/lang/Class;+511
j  java.lang.invoke.InnerClassLambdaMetafactory.buildCallSite()Ljava/lang/invoke/CallSite;+1
j  java.lang.invoke.LambdaMetafactory.metafactory(Ljava/lang/invoke/MethodHandles$Lookup;Ljava/lang/String;Ljava/lang/invoke/MethodType;Ljava/lang/invoke/MethodType;Ljava/lang/invoke/MethodHandle;Ljava/lang/invoke/MethodType;)Ljava/lang/invoke/CallSite;+31
j  java.lang.invoke.LambdaForm$DMH.invokeStatic_L6_L(Ljava/lang/Object;Ljava/lang/Object;Ljava/lang/Object;Ljava/lang/Object;Ljava/lang/Object;Ljava/lang/Object;Ljava/lang/Object;)Ljava/lang/Object;+20
j  java.lang.invoke.LambdaForm$BMH.reinvoke(Ljava/lang/Object;Ljava/lang/Object;Ljava/lang/Object;Ljava/lang/Object;Ljava/lang/Object;Ljava/lang/Object;Ljava/lang/Object;)Ljava/lang/Object;+79
j  java.lang.invoke.LambdaForm$MH.invoke_MT(Ljava/lang/Object;Ljava/lang/Object;Ljava/lang/Object;Ljava/lang/Object;Ljava/lang/Object;Ljava/lang/Object;Ljava/lang/Object;Ljava/lang/Object;)Ljava/lang/Object;+30
j  java.lang.invoke.CallSite.makeSite(Ljava/lang/invoke/MethodHandle;Ljava/lang/String;Ljava/lang/invoke/MethodType;Ljava/lang/Object;Ljava/lang/Class;)Ljava/lang/invoke/CallSite;+184
j  java.lang.invoke.MethodHandleNatives.linkCallSiteImpl(Ljava/lang/Class;Ljava/lang/invoke/MethodHandle;Ljava/lang/String;Ljava/lang/invoke/MethodType;Ljava/lang/Object;[Ljava/lang/Object;)Ljava/lang/invoke/MemberName;+6
j  java.lang.invoke.MethodHandleNatives.linkCallSite(Ljava/lang/Object;Ljava/lang/Object;Ljava/lang/Object;Ljava/lang/Object;Ljava/lang/Object;[Ljava/lang/Object;)Ljava/lang/invoke/MemberName;+45
v  ~StubRoutines::call_stub
j  sun.awt.windows.WToolkit.displayChanged()V+0
v  ~StubRoutines::call_stub
j  sun.awt.windows.WToolkit.eventLoop()V+0
j  sun.awt.windows.WToolkit.run()V+58
j  java.lang.Thread.run()V+11
v  ~StubRoutines::call_stub

---------------  P R O C E S S  ---------------

Java Threads: ( => current thread )
  0x000000002090b000 JavaThread "TimerQueue" daemon [_thread_blocked, id=19036, stack(0x0000000022f30000,0x0000000023030000)]
  0x00000000032fe800 JavaThread "DestroyJavaVM" [_thread_blocked, id=18916, stack(0x0000000003300000,0x0000000003400000)]
  0x0000000020667000 JavaThread "AWT-EventQueue-0" [_thread_blocked, id=19016, stack(0x0000000021960000,0x0000000021a60000)]
=>0x00000000205c7000 JavaThread "AWT-Windows" daemon [_thread_in_vm, id=19012, stack(0x0000000020f00000,0x0000000021000000)]
  0x00000000205c2000 JavaThread "AWT-Shutdown" [_thread_blocked, id=19008, stack(0x0000000020e00000,0x0000000020f00000)]
  0x00000000205c1800 JavaThread "Java2D Disposer" daemon [_thread_blocked, id=19004, stack(0x0000000020d00000,0x0000000020e00000)]
  0x000000001e914000 JavaThread "Service Thread" daemon [_thread_blocked, id=18996, stack(0x0000000020220000,0x0000000020320000)]
  0x000000001e895000 JavaThread "C1 CompilerThread3" daemon [_thread_in_native, id=18992, stack(0x0000000020120000,0x0000000020220000)]
  0x000000001e891000 JavaThread "C2 CompilerThread2" daemon [_thread_blocked, id=18988, stack(0x0000000020020000,0x0000000020120000)]
  0x000000001e88b000 JavaThread "C2 CompilerThread1" daemon [_thread_blocked, id=18984, stack(0x000000001ff20000,0x0000000020020000)]
  0x000000001e82a800 JavaThread "C2 CompilerThread0" daemon [_thread_blocked, id=18980, stack(0x000000001fe20000,0x000000001ff20000)]
  0x000000001e828800 JavaThread "Attach Listener" daemon [_thread_blocked, id=18976, stack(0x000000001fd20000,0x000000001fe20000)]
  0x000000001e885000 JavaThread "Signal Dispatcher" daemon [_thread_blocked, id=18972, stack(0x000000001fc20000,0x000000001fd20000)]
  0x00000000034fa000 JavaThread "Finalizer" daemon [_thread_blocked, id=18968, stack(0x000000001fa90000,0x000000001fb90000)]
  0x00000000034f9000 JavaThread "Reference Handler" daemon [_thread_blocked, id=18964, stack(0x000000001f990000,0x000000001fa90000)]

Other Threads:
  0x000000001e7f2800 VMThread [stack: 0x000000001f890000,0x000000001f990000] [id=18960]
  0x000000001e943800 WatcherThread [stack: 0x0000000020320000,0x0000000020420000] [id=19000]

VM state:not at safepoint (normal execution)

VM Mutex/Monitor currently owned by a thread: None

heap address: 0x00000006c1a00000, size: 4070 MB, Compressed Oops mode: Zero based, Oop shift amount: 3
Narrow klass base: 0x0000000000000000, Narrow klass shift: 3
Compressed class space size: 1073741824 Address: 0x00000007c0000000

Heap:
 PSYoungGen      total 76288K, used 27183K [0x000000076b380000, 0x0000000770880000, 0x00000007c0000000)
  eden space 65536K, 41% used [0x000000076b380000,0x000000076ce0bc28,0x000000076f380000)
  from space 10752K, 0% used [0x000000076fe00000,0x000000076fe00000,0x0000000770880000)
  to   space 10752K, 0% used [0x000000076f380000,0x000000076f380000,0x000000076fe00000)
 ParOldGen       total 175104K, used 0K [0x00000006c1a00000, 0x00000006cc500000, 0x000000076b380000)
  object space 175104K, 0% used [0x00000006c1a00000,0x00000006c1a00000,0x00000006cc500000)
 Metaspace       used 12359K, capacity 12532K, committed 12672K, reserved 1060864K
  class space    used 1533K, capacity 1614K, committed 1664K, reserved 1048576K

Card table byte_map: [0x00000000128c0000,0x00000000130c0000] byte_map_base: 0x000000000f2b3000

Marking Bits: (ParMarkBitMap*) 0x000000005808af90
 Begin Bits: [0x0000000014010000, 0x0000000017fa8000)
 End Bits:   [0x0000000017fa8000, 0x000000001bf40000)

Polling page: 0x0000000002e90000

CodeCache: size=245760Kb used=3034Kb max_used=3034Kb free=242726Kb
 bounds [0x0000000003500000, 0x0000000003800000, 0x0000000012500000]
 total_blobs=1327 nmethods=846 adapters=394
 compilation: enabled

Compilation events (10 events):
Event: 1.425 Thread 0x000000001e895000 nmethod 833 0x00000000037e8990 code [0x00000000037e8b20, 0x00000000037e8f68]
Event: 1.430 Thread 0x000000001e895000  840       3       javax.swing.UIDefaults$TextAndMnemonicHashMap::get (358 bytes)
Event: 1.443 Thread 0x000000001e895000 nmethod 840 0x00000000037e9090 code [0x00000000037e9b00, 0x00000000037f1d98]
Event: 1.503 Thread 0x000000001e895000  842       3       java.security.AccessController::getContext (23 bytes)
Event: 1.503 Thread 0x000000001e895000 nmethod 842 0x00000000037f6c90 code [0x00000000037f6e20, 0x00000000037f7198]
Event: 1.510 Thread 0x000000001e895000  844       3       java.util.EventObject::<init> (24 bytes)
Event: 1.511 Thread 0x000000001e895000 nmethod 844 0x00000000037f7310 code [0x00000000037f7480, 0x00000000037f7748]
Event: 1.819 Thread 0x000000001e895000  845   !   3       sun.awt.AWTAutoShutdown::setToolkitBusy (124 bytes)
Event: 1.820 Thread 0x000000001e895000 nmethod 845 0x00000000037f7850 code [0x00000000037f7a20, 0x00000000037f82c8]
Event: 4231.555 Thread 0x000000001e895000  847       3       jdk.internal.org.objectweb.asm.Label::resolve (214 bytes)

GC Heap History (0 events):
No events

Deoptimization events (4 events):
Event: 0.133 Thread 0x00000000032fe800 Uncommon trap: reason=null_check action=make_not_entrant pc=0x0000000003670e54 method=java.lang.String.equals(Ljava/lang/Object;)Z @ 8
Event: 0.182 Thread 0x00000000032fe800 Uncommon trap: reason=unstable_if action=reinterpret pc=0x000000000369c61c method=java.lang.String.startsWith(Ljava/lang/String;I)Z @ 25
Event: 0.321 Thread 0x0000000020667000 Uncommon trap: reason=unstable_if action=reinterpret pc=0x00000000036d6c80 method=java.lang.CharacterData.of(I)Ljava/lang/CharacterData; @ 4
Event: 0.382 Thread 0x0000000020667000 Uncommon trap: reason=unstable_if action=reinterpret pc=0x0000000003758560 method=java.lang.String.toLowerCase(Ljava/util/Locale;)Ljava/lang/String; @ 37

Classes redefined (0 events):
No events

Internal exceptions (10 events):
Event: 0.071 Thread 0x00000000032fe800 Exception <a 'java/security/PrivilegedActionException'> (0x000000076b457aa0) thrown at [C:\jenkins\workspace\8-2-build-windows-amd64-cygwin\jdk8u251\737\hotspot\src\share\vm\prims\jvm.cpp, line 1502]
Event: 0.071 Thread 0x00000000032fe800 Exception <a 'java/security/PrivilegedActionException'> (0x000000076b457cb0) thrown at [C:\jenkins\workspace\8-2-build-windows-amd64-cygwin\jdk8u251\737\hotspot\src\share\vm\prims\jvm.cpp, line 1502]
Event: 0.076 Thread 0x00000000032fe800 Exception <a 'java/io/FileNotFoundException'> (0x000000076b45ab78) thrown at [C:\jenkins\workspace\8-2-build-windows-amd64-cygwin\jdk8u251\737\hotspot\src\share\vm\prims\jni.cpp, line 710]
Event: 0.096 Thread 0x00000000032fe800 Exception <a 'java/lang/NoSuchFieldError': method resolution failed> (0x000000076b673cc8) thrown at [C:\jenkins\workspace\8-2-build-windows-amd64-cygwin\jdk8u251\737\hotspot\src\share\vm\prims\methodHandles.cpp, line 1167]
Event: 0.097 Thread 0x00000000032fe800 Exception <a 'java/lang/NoSuchFieldError': method resolution failed> (0x000000076b681098) thrown at [C:\jenkins\workspace\8-2-build-windows-amd64-cygwin\jdk8u251\737\hotspot\src\share\vm\prims\methodHandles.cpp, line 1167]
Event: 0.133 Thread 0x00000000032fe800 Implicit null exception at 0x0000000003670c66 to 0x0000000003670e45
Event: 0.144 Thread 0x00000000032fe800 Exception <a 'java/io/FileNotFoundException'> (0x000000076b8e20f0) thrown at [C:\jenkins\workspace\8-2-build-windows-amd64-cygwin\jdk8u251\737\hotspot\src\share\vm\prims\jni.cpp, line 710]
Event: 0.165 Thread 0x00000000032fe800 Exception <a 'java/io/FileNotFoundException'> (0x000000076ba32b18) thrown at [C:\jenkins\workspace\8-2-build-windows-amd64-cygwin\jdk8u251\737\hotspot\src\share\vm\prims\jni.cpp, line 710]
Event: 0.234 Thread 0x00000000032fe800 Exception <a 'java/io/FileNotFoundException'> (0x000000076bd1aed0) thrown at [C:\jenkins\workspace\8-2-build-windows-amd64-cygwin\jdk8u251\737\hotspot\src\share\vm\prims\jni.cpp, line 710]
Event: 0.234 Thread 0x00000000032fe800 Exception <a 'java/lang/NullPointerException'> (0x000000076bd1b578) thrown at [C:\jenkins\workspace\8-2-build-windows-amd64-cygwin\jdk8u251\737\hotspot\src\share\vm\interpreter\linkResolver.cpp, line 1185]

Events (10 events):
Event: 1.209 loading class java/awt/event/MouseWheelEvent done
Event: 1.503 loading class java/awt/KeyboardFocusManager$2
Event: 1.503 loading class java/awt/KeyboardFocusManager$2 done
Event: 1.503 loading class sun/awt/SunToolkit$1
Event: 1.504 loading class sun/awt/SunToolkit$1 done
Event: 1.515 loading class java/awt/LightweightDispatcher$2
Event: 1.515 loading class java/awt/LightweightDispatcher$2 done
Event: 4.088 Executing VM operation: EnableBiasedLocking
Event: 4.088 Executing VM operation: EnableBiasedLocking done
Event: 5.308 Thread 0x0000000020790800 Thread exited: 0x0000000020790800


Dynamic libraries:
0x00007ff7644f0000 - 0x00007ff764527000 	C:\Program Files\Java\jdk1.8.0_251\bin\javaw.exe
0x00007ff8e0160000 - 0x00007ff8e0350000 	C:\WINDOWS\SYSTEM32\ntdll.dll
0x00007ff8de210000 - 0x00007ff8de2c2000 	C:\WINDOWS\System32\KERNEL32.DLL
0x00007ff8dd2d0000 - 0x00007ff8dd574000 	C:\WINDOWS\System32\KERNELBASE.dll
0x00007ff8df8a0000 - 0x00007ff8df943000 	C:\WINDOWS\System32\ADVAPI32.dll
0x00007ff8deab0000 - 0x00007ff8deb4e000 	C:\WINDOWS\System32\msvcrt.dll
0x00007ff8dfe70000 - 0x00007ff8dff07000 	C:\WINDOWS\System32\sechost.dll
0x00007ff8de990000 - 0x00007ff8deab0000 	C:\WINDOWS\System32\RPCRT4.dll
0x00007ff8df610000 - 0x00007ff8df7a4000 	C:\WINDOWS\System32\USER32.dll
0x00007ff8dd580000 - 0x00007ff8dd5a1000 	C:\WINDOWS\System32\win32u.dll
0x00007ff8dfa90000 - 0x00007ff8dfab6000 	C:\WINDOWS\System32\GDI32.dll
0x00007ff8dd130000 - 0x00007ff8dd2c6000 	C:\WINDOWS\System32\gdi32full.dll
0x00007ff8dd760000 - 0x00007ff8dd7fe000 	C:\WINDOWS\System32\msvcp_win.dll
0x00007ff8dd660000 - 0x00007ff8dd75a000 	C:\WINDOWS\System32\ucrtbase.dll
0x00007ff8ce0b0000 - 0x00007ff8ce334000 	C:\WINDOWS\WinSxS\amd64_microsoft.windows.common-controls_6595b64144ccf1df_6.0.18362.959_none_e6c7bbbf130c62bb\COMCTL32.dll
0x00007ff8dfac0000 - 0x00007ff8dfdf5000 	C:\WINDOWS\System32\combase.dll
0x00007ff8de190000 - 0x00007ff8de210000 	C:\WINDOWS\System32\bcryptPrimitives.dll
0x00007ff8df870000 - 0x00007ff8df89e000 	C:\WINDOWS\System32\IMM32.DLL
0x0000000057400000 - 0x00000000574d2000 	C:\Program Files\Java\jdk1.8.0_251\jre\bin\msvcr100.dll
0x0000000057860000 - 0x000000005810b000 	C:\Program Files\Java\jdk1.8.0_251\jre\bin\server\jvm.dll
0x00007ff8de2e0000 - 0x00007ff8de2e8000 	C:\WINDOWS\System32\PSAPI.DLL
0x00007ff8cafc0000 - 0x00007ff8cafe4000 	C:\WINDOWS\SYSTEM32\WINMM.dll
0x00007ff8c9b80000 - 0x00007ff8c9b89000 	C:\WINDOWS\SYSTEM32\WSOCK32.dll
0x00007ff8d99c0000 - 0x00007ff8d99ca000 	C:\WINDOWS\SYSTEM32\VERSION.dll
0x00007ff8dfe00000 - 0x00007ff8dfe6f000 	C:\WINDOWS\System32\WS2_32.dll
0x00007ff8d6cc0000 - 0x00007ff8d6ced000 	C:\WINDOWS\SYSTEM32\winmmbase.dll
0x00007ff8dd0e0000 - 0x00007ff8dd12a000 	C:\WINDOWS\System32\cfgmgr32.dll
0x00007ff8c10b0000 - 0x00007ff8c10bf000 	C:\Program Files\Java\jdk1.8.0_251\jre\bin\verify.dll
0x00007ff8a7400000 - 0x00007ff8a7429000 	C:\Program Files\Java\jdk1.8.0_251\jre\bin\java.dll
0x00007ff8b17c0000 - 0x00007ff8b17d6000 	C:\Program Files\Java\jdk1.8.0_251\jre\bin\zip.dll
0x00007ff8decb0000 - 0x00007ff8df396000 	C:\WINDOWS\System32\SHELL32.dll
0x00007ff8df3b0000 - 0x00007ff8df459000 	C:\WINDOWS\System32\shcore.dll
0x00007ff8dd950000 - 0x00007ff8de0d2000 	C:\WINDOWS\System32\windows.storage.dll
0x00007ff8dd0b0000 - 0x00007ff8dd0d3000 	C:\WINDOWS\System32\profapi.dll
0x00007ff8dd020000 - 0x00007ff8dd06a000 	C:\WINDOWS\System32\powrprof.dll
0x00007ff8dd010000 - 0x00007ff8dd020000 	C:\WINDOWS\System32\UMPDC.dll
0x00007ff8df810000 - 0x00007ff8df862000 	C:\WINDOWS\System32\shlwapi.dll
0x00007ff8dd070000 - 0x00007ff8dd081000 	C:\WINDOWS\System32\kernel.appcore.dll
0x00007ff8de170000 - 0x00007ff8de187000 	C:\WINDOWS\System32\cryptsp.dll
0x00007ff8a0f10000 - 0x00007ff8a10aa000 	C:\Program Files\Java\jdk1.8.0_251\jre\bin\awt.dll
0x00007ff8dff10000 - 0x00007ff8dffd5000 	C:\WINDOWS\System32\OLEAUT32.dll
0x00007ff8db630000 - 0x00007ff8db6bf000 	C:\WINDOWS\SYSTEM32\apphelp.dll
0x00007ff8db8f0000 - 0x00007ff8db989000 	C:\WINDOWS\system32\uxtheme.dll
0x00007ff8df950000 - 0x00007ff8dfa85000 	C:\WINDOWS\System32\MSCTF.dll
0x00007ff8deb50000 - 0x00007ff8deca7000 	C:\WINDOWS\System32\ole32.dll
0x00007ff8db9c0000 - 0x00007ff8db9ed000 	C:\WINDOWS\system32\DWMAPI.DLL
0x00007ff8bf640000 - 0x00007ff8bf796000 	C:\WINDOWS\system32\opengl32.dll
0x00007ff8c8ac0000 - 0x00007ff8c8aec000 	C:\WINDOWS\SYSTEM32\GLU32.dll
0x00007ff8dbc80000 - 0x00007ff8dbca0000 	C:\WINDOWS\SYSTEM32\dxcore.dll
0x00007ff8b4260000 - 0x00007ff8b42a9000 	C:\Program Files\Java\jdk1.8.0_251\jre\bin\fontmanager.dll
0x00007ff8de8e0000 - 0x00007ff8de982000 	C:\WINDOWS\System32\clbcatq.dll
0x00007ff8c86f0000 - 0x00007ff8c889f000 	C:\WINDOWS\SYSTEM32\WindowsCodecs.dll
0x00007ff8c17a0000 - 0x00007ff8c17da000 	C:\WINDOWS\system32\dataexchange.dll
0x00007ff8daf30000 - 0x00007ff8db18b000 	C:\WINDOWS\system32\d3d11.dll
0x00007ff8da250000 - 0x00007ff8da42d000 	C:\WINDOWS\system32\dcomp.dll
0x00007ff8dbd10000 - 0x00007ff8dbdfb000 	C:\WINDOWS\system32\dxgi.dll
0x00007ff8d9ef0000 - 0x00007ff8da152000 	C:\WINDOWS\system32\twinapi.appcore.dll
0x00007ff8db7a0000 - 0x00007ff8db7c9000 	C:\WINDOWS\system32\RMCLIENT.dll
0x00007ff8afca0000 - 0x00007ff8afcba000 	C:\Program Files\Java\jdk1.8.0_251\jre\bin\net.dll
0x00007ff8dc820000 - 0x00007ff8dc887000 	C:\WINDOWS\system32\mswsock.dll
0x00007ff8ad260000 - 0x00007ff8ad272000 	C:\Program Files\Java\jdk1.8.0_251\jre\bin\nio.dll
0x00007ff8b0d60000 - 0x00007ff8b0da2000 	C:\Program Files\Java\jdk1.8.0_251\jre\bin\t2k.dll
0x00007ff8d3000000 - 0x00007ff8d309e000 	C:\WINDOWS\System32\TextInputFramework.dll
0x00007ff8c9850000 - 0x00007ff8c9b7a000 	C:\WINDOWS\System32\CoreUIComponents.dll
0x00007ff8da430000 - 0x00007ff8da504000 	C:\WINDOWS\System32\CoreMessaging.dll
0x00007ff8dc120000 - 0x00007ff8dc151000 	C:\WINDOWS\SYSTEM32\ntmarta.dll
0x00007ff8d7c80000 - 0x00007ff8d7dd3000 	C:\WINDOWS\SYSTEM32\wintypes.dll
0x00007ff8be250000 - 0x00007ff8be281000 	C:\Program Files\Java\jdk1.8.0_251\jre\bin\jpeg.dll
0x00007ff8d11c0000 - 0x00007ff8d11ea000 	C:\Program Files\Java\jdk1.8.0_251\jre\bin\dcpr.dll
0x00007ff8d3e20000 - 0x00007ff8d40c6000 	C:\WINDOWS\System32\iertutil.dll
0x00007ff8c2c90000 - 0x00007ff8c2d5f000 	C:\Windows\System32\IME\IMEKR\imkrtip.dll
0x00007ff8d6e20000 - 0x00007ff8d6f10000 	C:\WINDOWS\SYSTEM32\PROPSYS.dll
0x00007ff8b7b90000 - 0x00007ff8b7cc9000 	C:\Windows\System32\IME\shared\imetip.dll
0x00007ff8d6db0000 - 0x00007ff8d6e15000 	C:\WINDOWS\SYSTEM32\OLEACC.dll
0x00007ff8bb3e0000 - 0x00007ff8bb593000 	C:\WINDOWS\SYSTEM32\DUI70.dll
0x00007ff8d4c10000 - 0x00007ff8d4c4e000 	C:\Windows\System32\IME\IMEKR\imkrapi.dll
0x00007ff8cfb20000 - 0x00007ff8cfb5c000 	C:\Windows\System32\IME\shared\imjkapi.dll

VM Arguments:
jvm_args: -Dfile.encoding=MS949 
java_command: com.sist.client.LemonMain
java_class_path (initial): C:\JavaDev\JavaStudy\20200717-프로젝트\bin;C:\Users\SIST\Downloads\JTattoo-1.6.13.jar
Launcher Type: SUN_STANDARD

Environment Variables:
CLASSPATH=.;C:\Program Files\Java\jdk1.8.0_251\lib
PATH=C:/Program Files/Java/jdk1.8.0_251/bin/../jre/bin/server;C:/Program Files/Java/jdk1.8.0_251/bin/../jre/bin;C:/Program Files/Java/jdk1.8.0_251/bin/../jre/lib/amd64;C:\Program Files\Java\jdk1.8.0_251\bin;C:\Program Files (x86)\Common Files\Oracle\Java\javapath;C:\Program Files (x86)\Intel\Intel(R) Management Engine Components\iCLS\;C:\Program Files\Intel\Intel(R) Management Engine Components\iCLS\;C:\WINDOWS\system32;C:\WINDOWS;C:\WINDOWS\System32\Wbem;C:\WINDOWS\System32\WindowsPowerShell\v1.0\;C:\WINDOWS\System32\OpenSSH\;C:\Program Files (x86)\Intel\Intel(R) Management Engine Components\DAL;C:\Program Files\Intel\Intel(R) Management Engine Components\DAL;C:\Program Files (x86)\Intel\Intel(R) Management Engine Components\IPT;C:\Program Files\Intel\Intel(R) Management Engine Components\IPT;C:\Users\SIST\AppData\Local\Microsoft\WindowsApps;;C:\JavaDev\eclipse;
USERNAME=SIST
OS=Windows_NT
PROCESSOR_IDENTIFIER=Intel64 Family 6 Model 158 Stepping 10, GenuineIntel



---------------  S Y S T E M  ---------------

OS: Windows 10.0 , 64 bit Build 18362 (10.0.18362.959)

CPU:total 12 (initial active 12) (6 cores per cpu, 2 threads per core) family 6 model 158 stepping 10, cmov, cx8, fxsr, mmx, sse, sse2, sse3, ssse3, sse4.1, sse4.2, popcnt, avx, avx2, aes, clmul, erms, rtm, 3dnowpref, lzcnt, ht, tsc, tscinvbit, bmi1, bmi2, adx

Memory: 4k page, physical 16668672k(5472408k free), swap 67000320k(7048k free)

vm_info: Java HotSpot(TM) 64-Bit Server VM (25.251-b08) for windows-amd64 JRE (1.8.0_251-b08), built on Mar 12 2020 06:31:49 by "" with MS VC++ 10.0 (VS2010)

time: Fri Jul 17 16:56:38 2020
timezone: 대한민국 표준시
elapsed time: 4231 seconds (0d 1h 10m 31s)

